# JRE version: OpenJDK Runtime Environment (8.0_242-b01) (build 1.8.0_242-release-1644-b01)
# Java VM: OpenJDK 64-Bit Server VM (25.242-b01 mixed mode windows-amd64 compressed oops)
Heap:
 PSYoungGen      total 102912K, used 27742K [0x00000000d5580000, 0x00000000e0280000, 0x0000000100000000)
  eden space 91136K, 17% used [0x00000000d5580000,0x00000000d654bdb8,0x00000000dae80000)
  from space 11776K, 98% used [0x00000000dae80000,0x00000000db9cbc20,0x00000000dba00000)
  to   space 13312K, 0% used [0x00000000df580000,0x00000000df580000,0x00000000e0280000)
 ParOldGen       total 69632K, used 7599K [0x0000000080000000, 0x0000000084400000, 0x00000000d5580000)
  object space 69632K, 10% used [0x0000000080000000,0x000000008076bc10,0x0000000084400000)
 Metaspace       used 33817K, capacity 35016K, committed 35200K, reserved 1079296K
  class space    used 4628K, capacity 4897K, committed 4992K, reserved 1048576K
GC Heap History (10 events):
Event: 5.973 GC heap before
{Heap before GC invocations=4 (full 0):
 PSYoungGen      total 56832K, used 56828K [0x00000000d5580000, 0x00000000d9480000, 0x0000000100000000)
  eden space 49152K, 100% used [0x00000000d5580000,0x00000000d8580000,0x00000000d8580000)
  from space 7680K, 99% used [0x00000000d8580000,0x00000000d8cff398,0x00000000d8d00000)
  to   space 7680K, 0% used [0x00000000d8d00000,0x00000000d8d00000,0x00000000d9480000)
 ParOldGen       total 130048K, used 1641K [0x0000000080000000, 0x0000000087f00000, 0x00000000d5580000)
  object space 130048K, 1% used [0x0000000080000000,0x000000008019a458,0x0000000087f00000)
 Metaspace       used 20174K, capacity 20878K, committed 20992K, reserved 1067008K
  class space    used 2803K, capacity 2983K, committed 3072K, reserved 1048576K
Event: 5.984 GC heap after
Heap after GC invocations=4 (full 0):
 PSYoungGen      total 56832K, used 7672K [0x00000000d5580000, 0x00000000d9480000, 0x0000000100000000)
  eden space 49152K, 0% used [0x00000000d5580000,0x00000000d5580000,0x00000000d8580000)
  from space 7680K, 99% used [0x00000000d8d00000,0x00000000d947e3f0,0x00000000d9480000)
  to   space 7680K, 0% used [0x00000000d8580000,0x00000000d8580000,0x00000000d8d00000)
 ParOldGen       total 130048K, used 4373K [0x0000000080000000, 0x0000000087f00000, 0x00000000d5580000)
  object space 130048K, 3% used [0x0000000080000000,0x0000000080445698,0x0000000087f00000)
 Metaspace       used 20174K, capacity 20878K, committed 20992K, reserved 1067008K
  class space    used 2803K, capacity 2983K, committed 3072K, reserved 1048576K
}
Event: 6.044 GC heap before
{Heap before GC invocations=5 (full 0):
 PSYoungGen      total 56832K, used 12112K [0x00000000d5580000, 0x00000000d9480000, 0x0000000100000000)
  eden space 49152K, 9% used [0x00000000d5580000,0x00000000d59d5ed8,0x00000000d8580000)
  from space 7680K, 99% used [0x00000000d8d00000,0x00000000d947e3f0,0x00000000d9480000)
  to   space 7680K, 0% used [0x00000000d8580000,0x00000000d8580000,0x00000000d8d00000)
 ParOldGen       total 130048K, used 4373K [0x0000000080000000, 0x0000000087f00000, 0x00000000d5580000)
  object space 130048K, 3% used [0x0000000080000000,0x0000000080445698,0x0000000087f00000)
 Metaspace       used 20456K, capacity 21204K, committed 21248K, reserved 1067008K
  class space    used 2845K, capacity 3048K, committed 3072K, reserved 1048576K
Event: 6.049 GC heap after
Heap after GC invocations=5 (full 0):
 PSYoungGen      total 56832K, used 7274K [0x00000000d5580000, 0x00000000dcc80000, 0x0000000100000000)
  eden space 49152K, 0% used [0x00000000d5580000,0x00000000d5580000,0x00000000d8580000)
  from space 7680K, 94% used [0x00000000d8580000,0x00000000d8c9aa10,0x00000000d8d00000)
  to   space 11776K, 0% used [0x00000000dc100000,0x00000000dc100000,0x00000000dcc80000)
 ParOldGen       total 130048K, used 4381K [0x0000000080000000, 0x0000000087f00000, 0x00000000d5580000)
  object space 130048K, 3% used [0x0000000080000000,0x0000000080447698,0x0000000087f00000)
 Metaspace       used 20456K, capacity 21204K, committed 21248K, reserved 1067008K
  class space    used 2845K, capacity 3048K, committed 3072K, reserved 1048576K
}
Event: 6.050 GC heap before
{Heap before GC invocations=6 (full 1):
 PSYoungGen      total 56832K, used 7274K [0x00000000d5580000, 0x00000000dcc80000, 0x0000000100000000)
  eden space 49152K, 0% used [0x00000000d5580000,0x00000000d5580000,0x00000000d8580000)
  from space 7680K, 94% used [0x00000000d8580000,0x00000000d8c9aa10,0x00000000d8d00000)
  to   space 11776K, 0% used [0x00000000dc100000,0x00000000dc100000,0x00000000dcc80000)
 ParOldGen       total 130048K, used 4381K [0x0000000080000000, 0x0000000087f00000, 0x00000000d5580000)
  object space 130048K, 3% used [0x0000000080000000,0x0000000080447698,0x0000000087f00000)
 Metaspace       used 20456K, capacity 21204K, committed 21248K, reserved 1067008K
  class space    used 2845K, capacity 3048K, committed 3072K, reserved 1048576K
Event: 6.088 GC heap after
Heap after GC invocations=6 (full 1):
 PSYoungGen      total 56832K, used 0K [0x00000000d5580000, 0x00000000dcc80000, 0x0000000100000000)
  eden space 49152K, 0% used [0x00000000d5580000,0x00000000d5580000,0x00000000d8580000)
  from space 7680K, 0% used [0x00000000d8580000,0x00000000d8580000,0x00000000d8d00000)
  to   space 11776K, 0% used [0x00000000dc100000,0x00000000dc100000,0x00000000dcc80000)
 ParOldGen       total 69632K, used 7583K [0x0000000080000000, 0x0000000084400000, 0x00000000d5580000)
  object space 69632K, 10% used [0x0000000080000000,0x0000000080767c10,0x0000000084400000)
 Metaspace       used 20456K, capacity 21204K, committed 21248K, reserved 1067008K
  class space    used 2845K, capacity 3048K, committed 3072K, reserved 1048576K
}
Event: 7.362 GC heap before
{Heap before GC invocations=7 (full 1):
 PSYoungGen      total 56832K, used 49152K [0x00000000d5580000, 0x00000000dcc80000, 0x0000000100000000)
  eden space 49152K, 100% used [0x00000000d5580000,0x00000000d8580000,0x00000000d8580000)
  from space 7680K, 0% used [0x00000000d8580000,0x00000000d8580000,0x00000000d8d00000)
  to   space 11776K, 0% used [0x00000000dc100000,0x00000000dc100000,0x00000000dcc80000)
 ParOldGen       total 69632K, used 7583K [0x0000000080000000, 0x0000000084400000, 0x00000000d5580000)
  object space 69632K, 10% used [0x0000000080000000,0x0000000080767c10,0x0000000084400000)
 Metaspace       used 23907K, capacity 24766K, committed 24960K, reserved 1071104K
  class space    used 3387K, capacity 3619K, committed 3712K, reserved 1048576K
Event: 7.367 GC heap after
Heap after GC invocations=7 (full 1):
 PSYoungGen      total 91648K, used 4345K [0x00000000d5580000, 0x00000000dc580000, 0x0000000100000000)
  eden space 87040K, 0% used [0x00000000d5580000,0x00000000d5580000,0x00000000daa80000)
  from space 4608K, 94% used [0x00000000dc100000,0x00000000dc53e500,0x00000000dc580000)
  to   space 11776K, 0% used [0x00000000dae80000,0x00000000dae80000,0x00000000dba00000)
 ParOldGen       total 69632K, used 7591K [0x0000000080000000, 0x0000000084400000, 0x00000000d5580000)
  object space 69632K, 10% used [0x0000000080000000,0x0000000080769c10,0x0000000084400000)
 Metaspace       used 23907K, capacity 24766K, committed 24960K, reserved 1071104K
  class space    used 3387K, capacity 3619K, committed 3712K, reserved 1048576K
}
Event: 10.467 GC heap before
{Heap before GC invocations=8 (full 1):
 PSYoungGen      total 91648K, used 91385K [0x00000000d5580000, 0x00000000dc580000, 0x0000000100000000)
  eden space 87040K, 100% used [0x00000000d5580000,0x00000000daa80000,0x00000000daa80000)
  from space 4608K, 94% used [0x00000000dc100000,0x00000000dc53e500,0x00000000dc580000)
  to   space 11776K, 0% used [0x00000000dae80000,0x00000000dae80000,0x00000000dba00000)
 ParOldGen       total 69632K, used 7591K [0x0000000080000000, 0x0000000084400000, 0x00000000d5580000)
  object space 69632K, 10% used [0x0000000080000000,0x0000000080769c10,0x0000000084400000)
 Metaspace       used 33033K, capacity 34152K, committed 34304K, reserved 1079296K
  class space    used 4503K, capacity 4761K, committed 4864K, reserved 1048576K
Event: 10.484 GC heap after
Heap after GC invocations=8 (full 1):
 PSYoungGen      total 102912K, used 11567K [0x00000000d5580000, 0x00000000e0280000, 0x0000000100000000)
  eden space 91136K, 0% used [0x00000000d5580000,0x00000000d5580000,0x00000000dae80000)
  from space 11776K, 98% used [0x00000000dae80000,0x00000000db9cbc20,0x00000000dba00000)
  to   space 13312K, 0% used [0x00000000df580000,0x00000000df580000,0x00000000e0280000)
 ParOldGen       total 69632K, used 7599K [0x0000000080000000, 0x0000000084400000, 0x00000000d5580000)
  object space 69632K, 10% used [0x0000000080000000,0x000000008076bc10,0x0000000084400000)
 Metaspace       used 33033K, capacity 34152K, committed 34304K, reserved 1079296K
  class space    used 4503K, capacity 4761K, committed 4864K, reserved 1048576K
}

