# JRE version: OpenJDK Runtime Environment (8.0_242-b01) (build 1.8.0_242-release-1644-b01)
# Java VM: OpenJDK 64-Bit Server VM (25.242-b01 mixed mode windows-amd64 compressed oops)
Heap:
 PSYoungGen      total 56832K, used 31093K [0x00000000d5580000, 0x00000000d9480000, 0x0000000100000000)
  eden space 49152K, 47% used [0x00000000d5580000,0x00000000d6c629b8,0x00000000d8580000)
  from space 7680K, 99% used [0x00000000d8580000,0x00000000d8cfac20,0x00000000d8d00000)
  to   space 7680K, 0% used [0x00000000d8d00000,0x00000000d8d00000,0x00000000d9480000)
 ParOldGen       total 130048K, used 1681K [0x0000000080000000, 0x0000000087f00000, 0x00000000d5580000)
  object space 130048K, 1% used [0x0000000080000000,0x00000000801a45e0,0x0000000087f00000)
 Metaspace       used 17889K, capacity 18512K, committed 18816K, reserved 1064960K
  class space    used 2447K, capacity 2632K, committed 2688K, reserved 1048576K
GC Heap History (6 events):
Event: 2.512 GC heap before
{Heap before GC invocations=1 (full 0):
 PSYoungGen      total 56832K, used 49152K [0x00000000d5580000, 0x00000000d9480000, 0x0000000100000000)
  eden space 49152K, 100% used [0x00000000d5580000,0x00000000d8580000,0x00000000d8580000)
  from space 7680K, 0% used [0x00000000d8d00000,0x00000000d8d00000,0x00000000d9480000)
  to   space 7680K, 0% used [0x00000000d8580000,0x00000000d8580000,0x00000000d8d00000)
 ParOldGen       total 130048K, used 0K [0x0000000080000000, 0x0000000087f00000, 0x00000000d5580000)
  object space 130048K, 0% used [0x0000000080000000,0x0000000080000000,0x0000000087f00000)
 Metaspace       used 7660K, capacity 7978K, committed 8320K, reserved 1056768K
  class space    used 936K, capacity 1041K, committed 1152K, reserved 1048576K
Event: 2.517 GC heap after
Heap after GC invocations=1 (full 0):
 PSYoungGen      total 56832K, used 5147K [0x00000000d5580000, 0x00000000d9480000, 0x0000000100000000)
  eden space 49152K, 0% used [0x00000000d5580000,0x00000000d5580000,0x00000000d8580000)
  from space 7680K, 67% used [0x00000000d8580000,0x00000000d8a86cc0,0x00000000d8d00000)
  to   space 7680K, 0% used [0x00000000d8d00000,0x00000000d8d00000,0x00000000d9480000)
 ParOldGen       total 130048K, used 16K [0x0000000080000000, 0x0000000087f00000, 0x00000000d5580000)
  object space 130048K, 0% used [0x0000000080000000,0x0000000080004000,0x0000000087f00000)
 Metaspace       used 7660K, capacity 7978K, committed 8320K, reserved 1056768K
  class space    used 936K, capacity 1041K, committed 1152K, reserved 1048576K
}
Event: 4.452 GC heap before
{Heap before GC invocations=2 (full 0):
 PSYoungGen      total 56832K, used 54299K [0x00000000d5580000, 0x00000000d9480000, 0x0000000100000000)
  eden space 49152K, 100% used [0x00000000d5580000,0x00000000d8580000,0x00000000d8580000)
  from space 7680K, 67% used [0x00000000d8580000,0x00000000d8a86cc0,0x00000000d8d00000)
  to   space 7680K, 0% used [0x00000000d8d00000,0x00000000d8d00000,0x00000000d9480000)
 ParOldGen       total 130048K, used 16K [0x0000000080000000, 0x0000000087f00000, 0x00000000d5580000)
  object space 130048K, 0% used [0x0000000080000000,0x0000000080004000,0x0000000087f00000)
 Metaspace       used 11438K, capacity 11734K, committed 11904K, reserved 1058816K
  class space    used 1508K, capacity 1611K, committed 1664K, reserved 1048576K
Event: 4.459 GC heap after
Heap after GC invocations=2 (full 0):
 PSYoungGen      total 56832K, used 6503K [0x00000000d5580000, 0x00000000d9480000, 0x0000000100000000)
  eden space 49152K, 0% used [0x00000000d5580000,0x00000000d5580000,0x00000000d8580000)
  from space 7680K, 84% used [0x00000000d8d00000,0x00000000d9359e00,0x00000000d9480000)
  to   space 7680K, 0% used [0x00000000d8580000,0x00000000d8580000,0x00000000d8d00000)
 ParOldGen       total 130048K, used 24K [0x0000000080000000, 0x0000000087f00000, 0x00000000d5580000)
  object space 130048K, 0% used [0x0000000080000000,0x0000000080006000,0x0000000087f00000)
 Metaspace       used 11438K, capacity 11734K, committed 11904K, reserved 1058816K
  class space    used 1508K, capacity 1611K, committed 1664K, reserved 1048576K
}
Event: 5.123 GC heap before
{Heap before GC invocations=3 (full 0):
 PSYoungGen      total 56832K, used 55655K [0x00000000d5580000, 0x00000000d9480000, 0x0000000100000000)
  eden space 49152K, 100% used [0x00000000d5580000,0x00000000d8580000,0x00000000d8580000)
  from space 7680K, 84% used [0x00000000d8d00000,0x00000000d9359e00,0x00000000d9480000)
  to   space 7680K, 0% used [0x00000000d8580000,0x00000000d8580000,0x00000000d8d00000)
 ParOldGen       total 130048K, used 24K [0x0000000080000000, 0x0000000087f00000, 0x00000000d5580000)
  object space 130048K, 0% used [0x0000000080000000,0x0000000080006000,0x0000000087f00000)
 Metaspace       used 16609K, capacity 17256K, committed 17536K, reserved 1064960K
  class space    used 2213K, capacity 2404K, committed 2432K, reserved 1048576K
Event: 5.136 GC heap after
Heap after GC invocations=3 (full 0):
 PSYoungGen      total 56832K, used 7659K [0x00000000d5580000, 0x00000000d9480000, 0x0000000100000000)
  eden space 49152K, 0% used [0x00000000d5580000,0x00000000d5580000,0x00000000d8580000)
  from space 7680K, 99% used [0x00000000d8580000,0x00000000d8cfac20,0x00000000d8d00000)
  to   space 7680K, 0% used [0x00000000d8d00000,0x00000000d8d00000,0x00000000d9480000)
 ParOldGen       total 130048K, used 1681K [0x0000000080000000, 0x0000000087f00000, 0x00000000d5580000)
  object space 130048K, 1% used [0x0000000080000000,0x00000000801a45e0,0x0000000087f00000)
 Metaspace       used 16609K, capacity 17256K, committed 17536K, reserved 1064960K
  class space    used 2213K, capacity 2404K, committed 2432K, reserved 1048576K
}

