# JRE version: OpenJDK Runtime Environment (8.0_242-b01) (build 1.8.0_242-release-1644-b01)
# Java VM: OpenJDK 64-Bit Server VM (25.242-b01 mixed mode windows-amd64 compressed oops)
Heap:
 PSYoungGen      total 600064K, used 352322K [0x00000000d5580000, 0x00000000fec00000, 0x0000000100000000)
  eden space 531968K, 56% used [0x00000000d5580000,0x00000000e7c03598,0x00000000f5d00000)
  from space 68096K, 74% used [0x00000000f5d00000,0x00000000f8e8d458,0x00000000f9f80000)
  to   space 71168K, 0% used [0x00000000fa680000,0x00000000fa680000,0x00000000fec00000)
 ParOldGen       total 537088K, used 267316K [0x0000000080000000, 0x00000000a0c80000, 0x00000000d5580000)
  object space 537088K, 49% used [0x0000000080000000,0x000000009050d3f8,0x00000000a0c80000)
 Metaspace       used 124899K, capacity 135368K, committed 135512K, reserved 1167360K
  class space    used 15843K, capacity 17785K, committed 17792K, reserved 1048576K
GC Heap History (10 events):
Event: 10958.881 GC heap before
{Heap before GC invocations=40 (full 5):
 PSYoungGen      total 597504K, used 562950K [0x00000000d5580000, 0x00000000fee00000, 0x0000000100000000)
  eden space 523776K, 100% used [0x00000000d5580000,0x00000000f5500000,0x00000000f5500000)
  from space 73728K, 53% used [0x00000000fa600000,0x00000000fcc41b10,0x00000000fee00000)
  to   space 78336K, 0% used [0x00000000f5500000,0x00000000f5500000,0x00000000fa180000)
 ParOldGen       total 537088K, used 259243K [0x0000000080000000, 0x00000000a0c80000, 0x00000000d5580000)
  object space 537088K, 48% used [0x0000000080000000,0x000000008fd2af50,0x00000000a0c80000)
 Metaspace       used 108494K, capacity 116012K, committed 116312K, reserved 1150976K
  class space    used 13555K, capacity 14891K, committed 14976K, reserved 1048576K
Event: 10958.906 GC heap after
Heap after GC invocations=40 (full 5):
 PSYoungGen      total 602112K, used 26834K [0x00000000d5580000, 0x00000000fef80000, 0x0000000100000000)
  eden space 523776K, 0% used [0x00000000d5580000,0x00000000d5580000,0x00000000f5500000)
  from space 78336K, 34% used [0x00000000f5500000,0x00000000f6f34b10,0x00000000fa180000)
  to   space 75776K, 0% used [0x00000000fa580000,0x00000000fa580000,0x00000000fef80000)
 ParOldGen       total 537088K, used 259243K [0x0000000080000000, 0x00000000a0c80000, 0x00000000d5580000)
  object space 537088K, 48% used [0x0000000080000000,0x000000008fd2af50,0x00000000a0c80000)
 Metaspace       used 108494K, capacity 116012K, committed 116312K, reserved 1150976K
  class space    used 13555K, capacity 14891K, committed 14976K, reserved 1048576K
}
Event: 11067.597 GC heap before
{Heap before GC invocations=41 (full 5):
 PSYoungGen      total 602112K, used 550610K [0x00000000d5580000, 0x00000000fef80000, 0x0000000100000000)
  eden space 523776K, 100% used [0x00000000d5580000,0x00000000f5500000,0x00000000f5500000)
  from space 78336K, 34% used [0x00000000f5500000,0x00000000f6f34b10,0x00000000fa180000)
  to   space 75776K, 0% used [0x00000000fa580000,0x00000000fa580000,0x00000000fef80000)
 ParOldGen       total 537088K, used 259243K [0x0000000080000000, 0x00000000a0c80000, 0x00000000d5580000)
  object space 537088K, 48% used [0x0000000080000000,0x000000008fd2af50,0x00000000a0c80000)
 Metaspace       used 109120K, capacity 116642K, committed 116824K, reserved 1150976K
  class space    used 13599K, capacity 14974K, committed 14976K, reserved 1048576K
Event: 11067.627 GC heap after
Heap after GC invocations=41 (full 5):
 PSYoungGen      total 594944K, used 33586K [0x00000000d5580000, 0x00000000fe600000, 0x0000000100000000)
  eden space 528896K, 0% used [0x00000000d5580000,0x00000000d5580000,0x00000000f5a00000)
  from space 66048K, 50% used [0x00000000fa580000,0x00000000fc64c8d0,0x00000000fe600000)
  to   space 71680K, 0% used [0x00000000f5a00000,0x00000000f5a00000,0x00000000fa000000)
 ParOldGen       total 537088K, used 259251K [0x0000000080000000, 0x00000000a0c80000, 0x00000000d5580000)
  object space 537088K, 48% used [0x0000000080000000,0x000000008fd2cf50,0x00000000a0c80000)
 Metaspace       used 109120K, capacity 116642K, committed 116824K, reserved 1150976K
  class space    used 13599K, capacity 14974K, committed 14976K, reserved 1048576K
}
Event: 11356.625 GC heap before
{Heap before GC invocations=42 (full 5):
 PSYoungGen      total 594944K, used 562482K [0x00000000d5580000, 0x00000000fe600000, 0x0000000100000000)
  eden space 528896K, 100% used [0x00000000d5580000,0x00000000f5a00000,0x00000000f5a00000)
  from space 66048K, 50% used [0x00000000fa580000,0x00000000fc64c8d0,0x00000000fe600000)
  to   space 71680K, 0% used [0x00000000f5a00000,0x00000000f5a00000,0x00000000fa000000)
 ParOldGen       total 537088K, used 259251K [0x0000000080000000, 0x00000000a0c80000, 0x00000000d5580000)
  object space 537088K, 48% used [0x0000000080000000,0x000000008fd2cf50,0x00000000a0c80000)
 Metaspace       used 110532K, capacity 119838K, committed 119896K, reserved 1153024K
  class space    used 13871K, capacity 15474K, committed 15488K, reserved 1048576K
Event: 11356.641 GC heap after
Heap after GC invocations=42 (full 5):
 PSYoungGen      total 600576K, used 25240K [0x00000000d5580000, 0x00000000fe600000, 0x0000000100000000)
  eden space 528896K, 0% used [0x00000000d5580000,0x00000000d5580000,0x00000000f5a00000)
  from space 71680K, 35% used [0x00000000f5a00000,0x00000000f72a6358,0x00000000fa000000)
  to   space 69632K, 0% used [0x00000000fa200000,0x00000000fa200000,0x00000000fe600000)
 ParOldGen       total 537088K, used 259251K [0x0000000080000000, 0x00000000a0c80000, 0x00000000d5580000)
  object space 537088K, 48% used [0x0000000080000000,0x000000008fd2cf50,0x00000000a0c80000)
 Metaspace       used 110532K, capacity 119838K, committed 119896K, reserved 1153024K
  class space    used 13871K, capacity 15474K, committed 15488K, reserved 1048576K
}
Event: 11923.516 GC heap before
{Heap before GC invocations=43 (full 5):
 PSYoungGen      total 600576K, used 554136K [0x00000000d5580000, 0x00000000fe600000, 0x0000000100000000)
  eden space 528896K, 100% used [0x00000000d5580000,0x00000000f5a00000,0x00000000f5a00000)
  from space 71680K, 35% used [0x00000000f5a00000,0x00000000f72a6358,0x00000000fa000000)
  to   space 69632K, 0% used [0x00000000fa200000,0x00000000fa200000,0x00000000fe600000)
 ParOldGen       total 537088K, used 259251K [0x0000000080000000, 0x00000000a0c80000, 0x00000000d5580000)
  object space 537088K, 48% used [0x0000000080000000,0x000000008fd2cf50,0x00000000a0c80000)
 Metaspace       used 115589K, capacity 125638K, committed 125912K, reserved 1159168K
  class space    used 14579K, capacity 16306K, committed 16384K, reserved 1048576K
Event: 11923.552 GC heap after
Heap after GC invocations=43 (full 5):
 PSYoungGen      total 597504K, used 21880K [0x00000000d5580000, 0x00000000fe200000, 0x0000000100000000)
  eden space 531968K, 0% used [0x00000000d5580000,0x00000000d5580000,0x00000000f5d00000)
  from space 65536K, 33% used [0x00000000fa200000,0x00000000fb75e358,0x00000000fe200000)
  to   space 68096K, 0% used [0x00000000f5d00000,0x00000000f5d00000,0x00000000f9f80000)
 ParOldGen       total 537088K, used 267004K [0x0000000080000000, 0x00000000a0c80000, 0x00000000d5580000)
  object space 537088K, 49% used [0x0000000080000000,0x00000000904bf3d8,0x00000000a0c80000)
 Metaspace       used 115589K, capacity 125638K, committed 125912K, reserved 1159168K
  class space    used 14579K, capacity 16306K, committed 16384K, reserved 1048576K
}
Event: 11952.597 GC heap before
{Heap before GC invocations=44 (full 5):
 PSYoungGen      total 597504K, used 553848K [0x00000000d5580000, 0x00000000fe200000, 0x0000000100000000)
  eden space 531968K, 100% used [0x00000000d5580000,0x00000000f5d00000,0x00000000f5d00000)
  from space 65536K, 33% used [0x00000000fa200000,0x00000000fb75e358,0x00000000fe200000)
  to   space 68096K, 0% used [0x00000000f5d00000,0x00000000f5d00000,0x00000000f9f80000)
 ParOldGen       total 537088K, used 267004K [0x0000000080000000, 0x00000000a0c80000, 0x00000000d5580000)
  object space 537088K, 49% used [0x0000000080000000,0x00000000904bf3d8,0x00000000a0c80000)
 Metaspace       used 124810K, capacity 135296K, committed 135512K, reserved 1167360K
  class space    used 15840K, capacity 17783K, committed 17792K, reserved 1048576K
Event: 11952.664 GC heap after
Heap after GC invocations=44 (full 5):
 PSYoungGen      total 600064K, used 50741K [0x00000000d5580000, 0x00000000fec00000, 0x0000000100000000)
  eden space 531968K, 0% used [0x00000000d5580000,0x00000000d5580000,0x00000000f5d00000)
  from space 68096K, 74% used [0x00000000f5d00000,0x00000000f8e8d458,0x00000000f9f80000)
  to   space 71168K, 0% used [0x00000000fa680000,0x00000000fa680000,0x00000000fec00000)
 ParOldGen       total 537088K, used 267316K [0x0000000080000000, 0x00000000a0c80000, 0x00000000d5580000)
  object space 537088K, 49% used [0x0000000080000000,0x000000009050d3f8,0x00000000a0c80000)
 Metaspace       used 124810K, capacity 135296K, committed 135512K, reserved 1167360K
  class space    used 15840K, capacity 17783K, committed 17792K, reserved 1048576K
}

